This file contains any messages produced by compilers while
running configure, to aid debugging if configure makes a mistake.

It was created by gtk3hello configure 1.0, which was
generated by GNU Autoconf 2.69.  Invocation command line was

  $ ./configure 

## --------- ##
## Platform. ##
## --------- ##

hostname = lubuntu-vm
uname -m = x86_64
uname -r = 4.4.0-47-generic
uname -s = Linux
uname -v = #68-Ubuntu SMP Wed Oct 26 19:39:52 UTC 2016

/usr/bin/uname -p = unknown
/bin/uname -X     = unknown

/bin/arch              = unknown
/usr/bin/arch -k       = unknown
/usr/convex/getsysinfo = unknown
/usr/bin/hostinfo      = unknown
/bin/machine           = unknown
/usr/bin/oslevel       = unknown
/bin/universe          = unknown

PATH: /usr/local/sbin
PATH: /usr/local/bin
PATH: /usr/sbin
PATH: /usr/bin
PATH: /sbin
PATH: /bin
PATH: /usr/games
PATH: /usr/local/games
PATH: /snap/bin
PATH: /home/stephano/bin


## ----------- ##
## Core tests. ##
## ----------- ##

configure:2183: checking for a BSD-compatible install
configure:2251: result: /usr/bin/install -c
configure:2262: checking whether build environment is sane
configure:2317: result: yes
configure:2468: checking for a thread-safe mkdir -p
configure:2507: result: /bin/mkdir -p
configure:2514: checking for gawk
configure:2530: found /usr/bin/gawk
configure:2541: result: gawk
configure:2552: checking whether make sets $(MAKE)
configure:2574: result: yes
configure:2603: checking whether make supports nested variables
configure:2620: result: yes
configure:2795: checking for gcc
configure:2811: found /usr/bin/gcc
configure:2822: result: gcc
configure:3051: checking for C compiler version
configure:3060: gcc --version >&5
gcc (Ubuntu 5.4.0-6ubuntu1~16.04.4) 5.4.0 20160609
Copyright (C) 2015 Free Software Foundation, Inc.
This is free software; see the source for copying conditions.  There is NO
warranty; not even for MERCHANTABILITY or FITNESS FOR A PARTICULAR PURPOSE.

configure:3071: $? = 0
configure:3060: gcc -v >&5
Using built-in specs.
COLLECT_GCC=gcc
COLLECT_LTO_WRAPPER=/usr/lib/gcc/x86_64-linux-gnu/5/lto-wrapper
Target: x86_64-linux-gnu
Configured with: ../src/configure -v --with-pkgversion='Ubuntu 5.4.0-6ubuntu1~16.04.4' --with-bugurl=file:///usr/share/doc/gcc-5/README.Bugs --enable-languages=c,ada,c++,java,go,d,fortran,objc,obj-c++ --prefix=/usr --program-suffix=-5 --enable-shared --enable-linker-build-id --libexecdir=/usr/lib --without-included-gettext --enable-threads=posix --libdir=/usr/lib --enable-nls --with-sysroot=/ --enable-clocale=gnu --enable-libstdcxx-debug --enable-libstdcxx-time=yes --with-default-libstdcxx-abi=new --enable-gnu-unique-object --disable-vtable-verify --enable-libmpx --enable-plugin --with-system-zlib --disable-browser-plugin --enable-java-awt=gtk --enable-gtk-cairo --with-java-home=/usr/lib/jvm/java-1.5.0-gcj-5-amd64/jre --enable-java-home --with-jvm-root-dir=/usr/lib/jvm/java-1.5.0-gcj-5-amd64 --with-jvm-jar-dir=/usr/lib/jvm-exports/java-1.5.0-gcj-5-amd64 --with-arch-directory=amd64 --with-ecj-jar=/usr/share/java/eclipse-ecj.jar --enable-objc-gc --enable-multiarch --disable-werror --with-arch-32=i686 --with-abi=m64 --with-multilib-list=m32,m64,mx32 --enable-multilib --with-tune=generic --enable-checking=release --build=x86_64-linux-gnu --host=x86_64-linux-gnu --target=x86_64-linux-gnu
Thread model: posix
gcc version 5.4.0 20160609 (Ubuntu 5.4.0-6ubuntu1~16.04.4) 
configure:3071: $? = 0
configure:3060: gcc -V >&5
gcc: error: unrecognized command line option '-V'
gcc: fatal error: no input files
compilation terminated.
configure:3071: $? = 1
configure:3060: gcc -qversion >&5
gcc: error: unrecognized command line option '-qversion'
gcc: fatal error: no input files
compilation terminated.
configure:3071: $? = 1
configure:3091: checking whether the C compiler works
configure:3113: gcc    conftest.c  >&5
configure:3117: $? = 0
configure:3165: result: yes
configure:3168: checking for C compiler default output file name
configure:3170: result: a.out
configure:3176: checking for suffix of executables
configure:3183: gcc -o conftest    conftest.c  >&5
configure:3187: $? = 0
configure:3209: result: 
configure:3231: checking whether we are cross compiling
configure:3239: gcc -o conftest    conftest.c  >&5
configure:3243: $? = 0
configure:3250: ./conftest
configure:3254: $? = 0
configure:3269: result: no
configure:3274: checking for suffix of object files
configure:3296: gcc -c   conftest.c >&5
configure:3300: $? = 0
configure:3321: result: o
configure:3325: checking whether we are using the GNU C compiler
configure:3344: gcc -c   conftest.c >&5
configure:3344: $? = 0
configure:3353: result: yes
configure:3362: checking whether gcc accepts -g
configure:3382: gcc -c -g  conftest.c >&5
configure:3382: $? = 0
configure:3423: result: yes
configure:3440: checking for gcc option to accept ISO C89
configure:3503: gcc  -c -g -O2  conftest.c >&5
configure:3503: $? = 0
configure:3516: result: none needed
configure:3541: checking whether gcc understands -c and -o together
configure:3563: gcc -c conftest.c -o conftest2.o
configure:3566: $? = 0
configure:3563: gcc -c conftest.c -o conftest2.o
configure:3566: $? = 0
configure:3578: result: yes
configure:3606: checking for style of include used by make
configure:3634: result: GNU
configure:3660: checking dependency style of gcc
configure:3771: result: gcc3
configure:3818: checking build system type
configure:3832: result: x86_64-pc-linux-gnu
configure:3852: checking host system type
configure:3865: result: x86_64-pc-linux-gnu
configure:3906: checking how to print strings
configure:3933: result: printf
configure:3954: checking for a sed that does not truncate output
configure:4018: result: /bin/sed
configure:4036: checking for grep that handles long lines and -e
configure:4094: result: /bin/grep
configure:4099: checking for egrep
configure:4161: result: /bin/grep -E
configure:4166: checking for fgrep
configure:4228: result: /bin/grep -F
configure:4263: checking for ld used by gcc
configure:4330: result: /usr/bin/ld
configure:4337: checking if the linker (/usr/bin/ld) is GNU ld
configure:4352: result: yes
configure:4364: checking for BSD- or MS-compatible name lister (nm)
configure:4418: result: /usr/bin/nm -B
configure:4548: checking the name lister (/usr/bin/nm -B) interface
configure:4555: gcc -c -g -O2  conftest.c >&5
configure:4558: /usr/bin/nm -B "conftest.o"
configure:4561: output
0000000000000000 B some_variable
configure:4568: result: BSD nm
configure:4571: checking whether ln -s works
configure:4575: result: yes
configure:4583: checking the maximum length of command line arguments
configure:4714: result: 1572864
configure:4762: checking how to convert x86_64-pc-linux-gnu file names to x86_64-pc-linux-gnu format
configure:4802: result: func_convert_file_noop
configure:4809: checking how to convert x86_64-pc-linux-gnu file names to toolchain format
configure:4829: result: func_convert_file_noop
configure:4836: checking for /usr/bin/ld option to reload object files
configure:4843: result: -r
configure:4917: checking for objdump
configure:4933: found /usr/bin/objdump
configure:4944: result: objdump
configure:4976: checking how to recognize dependent libraries
configure:5176: result: pass_all
configure:5261: checking for dlltool
configure:5291: result: no
configure:5321: checking how to associate runtime and link libraries
configure:5348: result: printf %s\n
configure:5409: checking for ar
configure:5425: found /usr/bin/ar
configure:5436: result: ar
configure:5473: checking for archiver @FILE support
configure:5490: gcc -c -g -O2  conftest.c >&5
configure:5490: $? = 0
configure:5493: ar cru libconftest.a @conftest.lst >&5
ar: `u' modifier ignored since `D' is the default (see `U')
configure:5496: $? = 0
configure:5501: ar cru libconftest.a @conftest.lst >&5
ar: `u' modifier ignored since `D' is the default (see `U')
ar: conftest.o: No such file or directory
configure:5504: $? = 1
configure:5516: result: @
configure:5574: checking for strip
configure:5590: found /usr/bin/strip
configure:5601: result: strip
configure:5673: checking for ranlib
configure:5689: found /usr/bin/ranlib
configure:5700: result: ranlib
configure:5802: checking command to parse /usr/bin/nm -B output from gcc object
configure:5955: gcc -c -g -O2  conftest.c >&5
configure:5958: $? = 0
configure:5962: /usr/bin/nm -B conftest.o \| sed -n -e 's/^.*[ ]\([ABCDGIRSTW][ABCDGIRSTW]*\)[ ][ ]*\([_A-Za-z][_A-Za-z0-9]*\)$/\1 \2 \2/p' | sed '/ __gnu_lto/d' \> conftest.nm
configure:5965: $? = 0
configure:6031: gcc -o conftest -g -O2   conftest.c conftstm.o >&5
configure:6034: $? = 0
configure:6072: result: ok
configure:6119: checking for sysroot
configure:6149: result: no
configure:6156: checking for a working dd
configure:6194: result: /bin/dd
configure:6198: checking how to truncate binary pipes
configure:6213: result: /bin/dd bs=4096 count=1
configure:6349: gcc -c -g -O2  conftest.c >&5
configure:6352: $? = 0
configure:6542: checking for mt
configure:6558: found /bin/mt
configure:6569: result: mt
configure:6592: checking if mt is a manifest tool
configure:6598: mt '-?'
configure:6606: result: no
configure:7283: checking how to run the C preprocessor
configure:7314: gcc -E  conftest.c
configure:7314: $? = 0
configure:7328: gcc -E  conftest.c
conftest.c:11:28: fatal error: ac_nonexistent.h: No such file or directory
compilation terminated.
configure:7328: $? = 1
configure: failed program was:
| /* confdefs.h */
| #define PACKAGE_NAME "gtk3hello"
| #define PACKAGE_TARNAME "gtk3hello"
| #define PACKAGE_VERSION "1.0"
| #define PACKAGE_STRING "gtk3hello 1.0"
| #define PACKAGE_BUGREPORT "stephano.cetola@linux.intel.com"
| #define PACKAGE_URL ""
| #define PACKAGE "gtk3hello"
| #define VERSION "1.0"
| /* end confdefs.h.  */
| #include <ac_nonexistent.h>
configure:7353: result: gcc -E
configure:7373: gcc -E  conftest.c
configure:7373: $? = 0
configure:7387: gcc -E  conftest.c
conftest.c:11:28: fatal error: ac_nonexistent.h: No such file or directory
compilation terminated.
configure:7387: $? = 1
configure: failed program was:
| /* confdefs.h */
| #define PACKAGE_NAME "gtk3hello"
| #define PACKAGE_TARNAME "gtk3hello"
| #define PACKAGE_VERSION "1.0"
| #define PACKAGE_STRING "gtk3hello 1.0"
| #define PACKAGE_BUGREPORT "stephano.cetola@linux.intel.com"
| #define PACKAGE_URL ""
| #define PACKAGE "gtk3hello"
| #define VERSION "1.0"
| /* end confdefs.h.  */
| #include <ac_nonexistent.h>
configure:7416: checking for ANSI C header files
configure:7436: gcc -c -g -O2  conftest.c >&5
configure:7436: $? = 0
configure:7509: gcc -o conftest -g -O2   conftest.c  >&5
configure:7509: $? = 0
configure:7509: ./conftest
configure:7509: $? = 0
configure:7520: result: yes
configure:7533: checking for sys/types.h
configure:7533: gcc -c -g -O2  conftest.c >&5
configure:7533: $? = 0
configure:7533: result: yes
configure:7533: checking for sys/stat.h
configure:7533: gcc -c -g -O2  conftest.c >&5
configure:7533: $? = 0
configure:7533: result: yes
configure:7533: checking for stdlib.h
configure:7533: gcc -c -g -O2  conftest.c >&5
configure:7533: $? = 0
configure:7533: result: yes
configure:7533: checking for string.h
configure:7533: gcc -c -g -O2  conftest.c >&5
configure:7533: $? = 0
configure:7533: result: yes
configure:7533: checking for memory.h
configure:7533: gcc -c -g -O2  conftest.c >&5
configure:7533: $? = 0
configure:7533: result: yes
configure:7533: checking for strings.h
configure:7533: gcc -c -g -O2  conftest.c >&5
configure:7533: $? = 0
configure:7533: result: yes
configure:7533: checking for inttypes.h
configure:7533: gcc -c -g -O2  conftest.c >&5
configure:7533: $? = 0
configure:7533: result: yes
configure:7533: checking for stdint.h
configure:7533: gcc -c -g -O2  conftest.c >&5
configure:7533: $? = 0
configure:7533: result: yes
configure:7533: checking for unistd.h
configure:7533: gcc -c -g -O2  conftest.c >&5
configure:7533: $? = 0
configure:7533: result: yes
configure:7547: checking for dlfcn.h
configure:7547: gcc -c -g -O2  conftest.c >&5
configure:7547: $? = 0
configure:7547: result: yes
configure:7803: checking for objdir
configure:7818: result: .libs
configure:8078: checking if gcc supports -fno-rtti -fno-exceptions
configure:8096: gcc -c -g -O2  -fno-rtti -fno-exceptions conftest.c >&5
cc1: warning: command line option '-fno-rtti' is valid for C++/ObjC++ but not for C
configure:8100: $? = 0
configure:8113: result: no
configure:8471: checking for gcc option to produce PIC
configure:8478: result: -fPIC -DPIC
configure:8486: checking if gcc PIC flag -fPIC -DPIC works
configure:8504: gcc -c -g -O2  -fPIC -DPIC -DPIC conftest.c >&5
configure:8508: $? = 0
configure:8521: result: yes
configure:8550: checking if gcc static flag -static works
configure:8578: result: yes
configure:8593: checking if gcc supports -c -o file.o
configure:8614: gcc -c -g -O2  -o out/conftest2.o conftest.c >&5
configure:8618: $? = 0
configure:8640: result: yes
configure:8648: checking if gcc supports -c -o file.o
configure:8695: result: yes
configure:8728: checking whether the gcc linker (/usr/bin/ld -m elf_x86_64) supports shared libraries
configure:9991: result: yes
configure:10028: checking whether -lc should be explicitly linked in
configure:10036: gcc -c -g -O2  conftest.c >&5
configure:10039: $? = 0
configure:10054: gcc -shared  -fPIC -DPIC conftest.o  -v -Wl,-soname -Wl,conftest -o conftest 2\>\&1 \| /bin/grep  -lc  \>/dev/null 2\>\&1
configure:10057: $? = 0
configure:10071: result: no
configure:10231: checking dynamic linker characteristics
configure:10812: gcc -o conftest -g -O2   -Wl,-rpath -Wl,/foo conftest.c  >&5
configure:10812: $? = 0
configure:11061: result: GNU/Linux ld.so
configure:11183: checking how to hardcode library paths into programs
configure:11208: result: immediate
configure:11756: checking whether stripping libraries is possible
configure:11761: result: yes
configure:11796: checking if libtool supports shared libraries
configure:11798: result: yes
configure:11801: checking whether to build shared libraries
configure:11826: result: yes
configure:11829: checking whether to build static libraries
configure:11833: result: yes
configure:11895: checking for pkg-config
configure:11913: found /usr/bin/pkg-config
configure:11926: result: /usr/bin/pkg-config
configure:11947: checking for GTK+ - version >= 3.0.0
configure:12054: gcc -o conftest -g -O2 -pthread -I/usr/include/gtk-3.0 -I/usr/include/at-spi2-atk/2.0 -I/usr/include/at-spi-2.0 -I/usr/include/dbus-1.0 -I/usr/lib/x86_64-linux-gnu/dbus-1.0/include -I/usr/include/gtk-3.0 -I/usr/include/gio-unix-2.0/ -I/usr/include/mirclient -I/usr/include/mircommon -I/usr/include/mircookie -I/usr/include/cairo -I/usr/include/pango-1.0 -I/usr/include/harfbuzz -I/usr/include/pango-1.0 -I/usr/include/atk-1.0 -I/usr/include/cairo -I/usr/include/pixman-1 -I/usr/include/freetype2 -I/usr/include/libpng12 -I/usr/include/gdk-pixbuf-2.0 -I/usr/include/libpng12 -I/usr/include/glib-2.0 -I/usr/lib/x86_64-linux-gnu/glib-2.0/include   conftest.c -lgtk-3 -lgdk-3 -lpangocairo-1.0 -lpango-1.0 -latk-1.0 -lcairo-gobject -lcairo -lgdk_pixbuf-2.0 -lgio-2.0 -lgobject-2.0 -lglib-2.0  >&5
configure:12054: $? = 0
configure:12054: ./conftest
configure:12054: $? = 0
configure:12068: result: yes (version 3.18.9)
configure:12242: checking that generated files are newer than configure
configure:12248: result: done
configure:12271: creating ./config.status

## ---------------------- ##
## Running config.status. ##
## ---------------------- ##

This file was extended by gtk3hello config.status 1.0, which was
generated by GNU Autoconf 2.69.  Invocation command line was

  CONFIG_FILES    = 
  CONFIG_HEADERS  = 
  CONFIG_LINKS    = 
  CONFIG_COMMANDS = 
  $ ./config.status 

on lubuntu-vm

config.status:1092: creating Makefile
config.status:1092: creating src/Makefile
config.status:1092: creating config.h
config.status:1321: executing depfiles commands
config.status:1321: executing libtool commands

## ---------------- ##
## Cache variables. ##
## ---------------- ##

ac_cv_build=x86_64-pc-linux-gnu
ac_cv_c_compiler_gnu=yes
ac_cv_env_CC_set=
ac_cv_env_CC_value=
ac_cv_env_CFLAGS_set=
ac_cv_env_CFLAGS_value=
ac_cv_env_CPPFLAGS_set=
ac_cv_env_CPPFLAGS_value=
ac_cv_env_CPP_set=
ac_cv_env_CPP_value=
ac_cv_env_LDFLAGS_set=
ac_cv_env_LDFLAGS_value=
ac_cv_env_LIBS_set=
ac_cv_env_LIBS_value=
ac_cv_env_LT_SYS_LIBRARY_PATH_set=
ac_cv_env_LT_SYS_LIBRARY_PATH_value=
ac_cv_env_build_alias_set=
ac_cv_env_build_alias_value=
ac_cv_env_host_alias_set=
ac_cv_env_host_alias_value=
ac_cv_env_target_alias_set=
ac_cv_env_target_alias_value=
ac_cv_header_dlfcn_h=yes
ac_cv_header_inttypes_h=yes
ac_cv_header_memory_h=yes
ac_cv_header_stdc=yes
ac_cv_header_stdint_h=yes
ac_cv_header_stdlib_h=yes
ac_cv_header_string_h=yes
ac_cv_header_strings_h=yes
ac_cv_header_sys_stat_h=yes
ac_cv_header_sys_types_h=yes
ac_cv_header_unistd_h=yes
ac_cv_host=x86_64-pc-linux-gnu
ac_cv_objext=o
ac_cv_path_EGREP='/bin/grep -E'
ac_cv_path_FGREP='/bin/grep -F'
ac_cv_path_GREP=/bin/grep
ac_cv_path_PKG_CONFIG=/usr/bin/pkg-config
ac_cv_path_SED=/bin/sed
ac_cv_path_install='/usr/bin/install -c'
ac_cv_path_lt_DD=/bin/dd
ac_cv_path_mkdir=/bin/mkdir
ac_cv_prog_AWK=gawk
ac_cv_prog_CPP='gcc -E'
ac_cv_prog_ac_ct_AR=ar
ac_cv_prog_ac_ct_CC=gcc
ac_cv_prog_ac_ct_MANIFEST_TOOL=mt
ac_cv_prog_ac_ct_OBJDUMP=objdump
ac_cv_prog_ac_ct_RANLIB=ranlib
ac_cv_prog_ac_ct_STRIP=strip
ac_cv_prog_cc_c89=
ac_cv_prog_cc_g=yes
ac_cv_prog_make_make_set=yes
am_cv_CC_dependencies_compiler_type=gcc3
am_cv_make_support_nested_variables=yes
am_cv_prog_cc_c_o=yes
lt_cv_ar_at_file=@
lt_cv_archive_cmds_need_lc=no
lt_cv_deplibs_check_method=pass_all
lt_cv_file_magic_cmd='$MAGIC_CMD'
lt_cv_file_magic_test_file=
lt_cv_ld_reload_flag=-r
lt_cv_nm_interface='BSD nm'
lt_cv_objdir=.libs
lt_cv_path_LD=/usr/bin/ld
lt_cv_path_NM='/usr/bin/nm -B'
lt_cv_path_mainfest_tool=no
lt_cv_prog_compiler_c_o=yes
lt_cv_prog_compiler_pic='-fPIC -DPIC'
lt_cv_prog_compiler_pic_works=yes
lt_cv_prog_compiler_rtti_exceptions=no
lt_cv_prog_compiler_static_works=yes
lt_cv_prog_gnu_ld=yes
lt_cv_sharedlib_from_linklib_cmd='printf %s\n'
lt_cv_shlibpath_overrides_runpath=no
lt_cv_sys_global_symbol_pipe='sed -n -e '\''s/^.*[	 ]\([ABCDGIRSTW][ABCDGIRSTW]*\)[	 ][	 ]*\([_A-Za-z][_A-Za-z0-9]*\)$/\1 \2 \2/p'\'' | sed '\''/ __gnu_lto/d'\'''
lt_cv_sys_global_symbol_to_c_name_address='sed -n -e '\''s/^: \(.*\) .*$/  {"\1", (void *) 0},/p'\'' -e '\''s/^[ABCDGIRSTW][ABCDGIRSTW]* .* \(.*\)$/  {"\1", (void *) \&\1},/p'\'''
lt_cv_sys_global_symbol_to_c_name_address_lib_prefix='sed -n -e '\''s/^: \(.*\) .*$/  {"\1", (void *) 0},/p'\'' -e '\''s/^[ABCDGIRSTW][ABCDGIRSTW]* .* \(lib.*\)$/  {"\1", (void *) \&\1},/p'\'' -e '\''s/^[ABCDGIRSTW][ABCDGIRSTW]* .* \(.*\)$/  {"lib\1", (void *) \&\1},/p'\'''
lt_cv_sys_global_symbol_to_cdecl='sed -n -e '\''s/^T .* \(.*\)$/extern int \1();/p'\'' -e '\''s/^[ABCDGIRSTW][ABCDGIRSTW]* .* \(.*\)$/extern char \1;/p'\'''
lt_cv_sys_global_symbol_to_import=
lt_cv_sys_max_cmd_len=1572864
lt_cv_to_host_file_cmd=func_convert_file_noop
lt_cv_to_tool_file_cmd=func_convert_file_noop
lt_cv_truncate_bin='/bin/dd bs=4096 count=1'

## ----------------- ##
## Output variables. ##
## ----------------- ##

ACLOCAL='${SHELL} /home/stephano/Desktop/gtk3-hello/build-aux/missing aclocal-1.15'
AMDEPBACKSLASH='\'
AMDEP_FALSE='#'
AMDEP_TRUE=''
AMTAR='$${TAR-tar}'
AM_BACKSLASH='\'
AM_DEFAULT_V='$(AM_DEFAULT_VERBOSITY)'
AM_DEFAULT_VERBOSITY='1'
AM_V='$(V)'
AR='ar'
AUTOCONF='${SHELL} /home/stephano/Desktop/gtk3-hello/build-aux/missing autoconf'
AUTOHEADER='${SHELL} /home/stephano/Desktop/gtk3-hello/build-aux/missing autoheader'
AUTOMAKE='${SHELL} /home/stephano/Desktop/gtk3-hello/build-aux/missing automake-1.15'
AWK='gawk'
CC='gcc'
CCDEPMODE='depmode=gcc3'
CFLAGS='-g -O2'
CPP='gcc -E'
CPPFLAGS=''
CYGPATH_W='echo'
DEFS='-DHAVE_CONFIG_H'
DEPDIR='.deps'
DLLTOOL='false'
DSYMUTIL=''
DUMPBIN=''
ECHO_C=''
ECHO_N='-n'
ECHO_T=''
EGREP='/bin/grep -E'
EXEEXT=''
FGREP='/bin/grep -F'
GREP='/bin/grep'
GTK_CFLAGS='-pthread -I/usr/include/gtk-3.0 -I/usr/include/at-spi2-atk/2.0 -I/usr/include/at-spi-2.0 -I/usr/include/dbus-1.0 -I/usr/lib/x86_64-linux-gnu/dbus-1.0/include -I/usr/include/gtk-3.0 -I/usr/include/gio-unix-2.0/ -I/usr/include/mirclient -I/usr/include/mircommon -I/usr/include/mircookie -I/usr/include/cairo -I/usr/include/pango-1.0 -I/usr/include/harfbuzz -I/usr/include/pango-1.0 -I/usr/include/atk-1.0 -I/usr/include/cairo -I/usr/include/pixman-1 -I/usr/include/freetype2 -I/usr/include/libpng12 -I/usr/include/gdk-pixbuf-2.0 -I/usr/include/libpng12 -I/usr/include/glib-2.0 -I/usr/lib/x86_64-linux-gnu/glib-2.0/include'
GTK_LIBS='-lgtk-3 -lgdk-3 -lpangocairo-1.0 -lpango-1.0 -latk-1.0 -lcairo-gobject -lcairo -lgdk_pixbuf-2.0 -lgio-2.0 -lgobject-2.0 -lglib-2.0'
INSTALL_DATA='${INSTALL} -m 644'
INSTALL_PROGRAM='${INSTALL}'
INSTALL_SCRIPT='${INSTALL}'
INSTALL_STRIP_PROGRAM='$(install_sh) -c -s'
LD='/usr/bin/ld -m elf_x86_64'
LDFLAGS=''
LIBOBJS=''
LIBS=''
LIBTOOL='$(SHELL) $(top_builddir)/libtool'
LIPO=''
LN_S='ln -s'
LTLIBOBJS=''
LT_SYS_LIBRARY_PATH=''
MAKEINFO='${SHELL} /home/stephano/Desktop/gtk3-hello/build-aux/missing makeinfo'
MANIFEST_TOOL=':'
MKDIR_P='/bin/mkdir -p'
NM='/usr/bin/nm -B'
NMEDIT=''
OBJDUMP='objdump'
OBJEXT='o'
OTOOL64=''
OTOOL=''
PACKAGE='gtk3hello'
PACKAGE_BUGREPORT='stephano.cetola@linux.intel.com'
PACKAGE_NAME='gtk3hello'
PACKAGE_STRING='gtk3hello 1.0'
PACKAGE_TARNAME='gtk3hello'
PACKAGE_URL=''
PACKAGE_VERSION='1.0'
PATH_SEPARATOR=':'
PKG_CONFIG='/usr/bin/pkg-config'
RANLIB='ranlib'
SED='/bin/sed'
SET_MAKE=''
SHELL='/bin/bash'
STRIP='strip'
VERSION='1.0'
ac_ct_AR='ar'
ac_ct_CC='gcc'
ac_ct_DUMPBIN=''
am__EXEEXT_FALSE=''
am__EXEEXT_TRUE='#'
am__fastdepCC_FALSE='#'
am__fastdepCC_TRUE=''
am__include='include'
am__isrc=''
am__leading_dot='.'
am__nodep='_no'
am__quote=''
am__tar='$${TAR-tar} chof - "$$tardir"'
am__untar='$${TAR-tar} xf -'
bindir='${exec_prefix}/bin'
build='x86_64-pc-linux-gnu'
build_alias=''
build_cpu='x86_64'
build_os='linux-gnu'
build_vendor='pc'
datadir='${datarootdir}'
datarootdir='${prefix}/share'
docdir='${datarootdir}/doc/${PACKAGE_TARNAME}'
dvidir='${docdir}'
exec_prefix='${prefix}'
host='x86_64-pc-linux-gnu'
host_alias=''
host_cpu='x86_64'
host_os='linux-gnu'
host_vendor='pc'
htmldir='${docdir}'
includedir='${prefix}/include'
infodir='${datarootdir}/info'
install_sh='${SHELL} /home/stephano/Desktop/gtk3-hello/build-aux/install-sh'
libdir='${exec_prefix}/lib'
libexecdir='${exec_prefix}/libexec'
localedir='${datarootdir}/locale'
localstatedir='${prefix}/var'
mandir='${datarootdir}/man'
mkdir_p='$(MKDIR_P)'
oldincludedir='/usr/include'
pdfdir='${docdir}'
prefix='/usr/local'
program_transform_name='s,x,x,'
psdir='${docdir}'
runstatedir='${localstatedir}/run'
sbindir='${exec_prefix}/sbin'
sharedstatedir='${prefix}/com'
sysconfdir='${prefix}/etc'
target_alias=''

## ----------- ##
## confdefs.h. ##
## ----------- ##

/* confdefs.h */
#define PACKAGE_NAME "gtk3hello"
#define PACKAGE_TARNAME "gtk3hello"
#define PACKAGE_VERSION "1.0"
#define PACKAGE_STRING "gtk3hello 1.0"
#define PACKAGE_BUGREPORT "stephano.cetola@linux.intel.com"
#define PACKAGE_URL ""
#define PACKAGE "gtk3hello"
#define VERSION "1.0"
#define STDC_HEADERS 1
#define HAVE_SYS_TYPES_H 1
#define HAVE_SYS_STAT_H 1
#define HAVE_STDLIB_H 1
#define HAVE_STRING_H 1
#define HAVE_MEMORY_H 1
#define HAVE_STRINGS_H 1
#define HAVE_INTTYPES_H 1
#define HAVE_STDINT_H 1
#define HAVE_UNISTD_H 1
#define HAVE_DLFCN_H 1
#define LT_OBJDIR ".libs/"

configure: exit 0

## ---------------------- ##
## Running config.status. ##
## ---------------------- ##

This file was extended by gtk3hello config.status 1.0, which was
generated by GNU Autoconf 2.69.  Invocation command line was

  CONFIG_FILES    = 
  CONFIG_HEADERS  = 
  CONFIG_LINKS    = 
  CONFIG_COMMANDS = 
  $ ./config.status config.h

on lubuntu-vm

config.status:1092: creating config.h
config.status:1273: config.h is unchanged
